<?xml version="1.0" encoding="UTF-8"?>
<testng-results skipped="0" failed="0" ignored="0" total="1" passed="1">
  <reporter-output>
  </reporter-output>
  <suite name="Default suite" duration-ms="88941" started-at="2020-06-21T22:26:20 IST" finished-at="2020-06-21T22:27:49 IST">
    <groups>
      <group name="cucumber">
        <method signature="AbstractTestNGCucumberTests.runScenario(cucumber.api.testng.PickleEventWrapper, cucumber.api.testng.CucumberFeatureWrapper)[pri:0, instance:testCases.TC001_Login@954b04f]" name="runScenario" class="cucumber.api.testng.AbstractTestNGCucumberTests"/>
      </group> <!-- cucumber -->
    </groups>
    <test name="Default test" duration-ms="88941" started-at="2020-06-21T22:26:20 IST" finished-at="2020-06-21T22:27:49 IST">
      <class name="testCases.TC001_Login">
        <test-method status="PASS" signature="bs()[pri:0, instance:testCases.TC001_Login@954b04f]" name="bs" is-config="true" duration-ms="437" started-at="2020-06-21T22:26:20 IST" finished-at="2020-06-21T22:26:20 IST">
          <reporter-output>
          </reporter-output>
        </test-method> <!-- bs -->
        <test-method status="PASS" signature="setData()[pri:0, instance:testCases.TC001_Login@954b04f]" name="setData" is-config="true" duration-ms="1" started-at="2020-06-21T22:26:20 IST" finished-at="2020-06-21T22:26:20 IST">
          <reporter-output>
          </reporter-output>
        </test-method> <!-- setData -->
        <test-method status="PASS" signature="setUpClass()[pri:0, instance:testCases.TC001_Login@954b04f]" name="setUpClass" is-config="true" duration-ms="137" started-at="2020-06-21T22:26:20 IST" finished-at="2020-06-21T22:26:20 IST">
          <reporter-output>
          </reporter-output>
        </test-method> <!-- setUpClass -->
        <test-method status="PASS" signature="bc()[pri:0, instance:testCases.TC001_Login@954b04f]" name="bc" is-config="true" duration-ms="2" started-at="2020-06-21T22:26:20 IST" finished-at="2020-06-21T22:26:20 IST">
          <reporter-output>
          </reporter-output>
        </test-method> <!-- bc -->
        <test-method status="PASS" signature="bm()[pri:0, instance:testCases.TC001_Login@954b04f]" name="bm" is-config="true" duration-ms="30841" started-at="2020-06-21T22:26:21 IST" finished-at="2020-06-21T22:26:52 IST">
          <reporter-output>
          </reporter-output>
        </test-method> <!-- bm -->
        <test-method status="PASS" signature="login(java.lang.String, java.lang.String)[pri:0, instance:testCases.TC001_Login@954b04f]" name="login" duration-ms="56899" started-at="2020-06-21T22:26:52 IST" data-provider="fetchData" finished-at="2020-06-21T22:27:49 IST">
          <params>
            <param index="0">
              <value>
                <![CDATA[admin]]>
              </value>
            </param>
            <param index="1">
              <value>
                <![CDATA[admin]]>
              </value>
            </param>
          </params>
          <reporter-output>
          </reporter-output>
        </test-method> <!-- login -->
        <test-method status="PASS" signature="am()[pri:0, instance:testCases.TC001_Login@954b04f]" name="am" is-config="true" duration-ms="235" started-at="2020-06-21T22:27:49 IST" finished-at="2020-06-21T22:27:49 IST">
          <reporter-output>
          </reporter-output>
        </test-method> <!-- am -->
        <test-method status="PASS" signature="tearDownClass()[pri:0, instance:testCases.TC001_Login@954b04f]" name="tearDownClass" is-config="true" duration-ms="5" started-at="2020-06-21T22:27:49 IST" finished-at="2020-06-21T22:27:49 IST">
          <reporter-output>
          </reporter-output>
        </test-method> <!-- tearDownClass -->
        <test-method status="PASS" signature="as()[pri:0, instance:testCases.TC001_Login@954b04f]" name="as" is-config="true" duration-ms="536" started-at="2020-06-21T22:27:49 IST" finished-at="2020-06-21T22:27:50 IST">
          <reporter-output>
          </reporter-output>
        </test-method> <!-- as -->
      </class> <!-- testCases.TC001_Login -->
    </test> <!-- Default test -->
  </suite> <!-- Default suite -->
</testng-results>
